{"level":"info","message":"FFmpeg Builder server running on port 3000","service":"ffmpeg-builder","timestamp":"2025-06-25T17:24:44.582Z"}
{"level":"info","message":"WebSocket client connected","service":"ffmpeg-builder","timestamp":"2025-06-25T17:25:20.816Z"}
{"command":"ffmpeg -nostdin -fflags +genpts+discardcorrupt+igndts+flush_packets -err_detect ignore_err -rw_timeout 15000000 -analyzeduration 10M -probesize 50M -i srt://12.10.10.10:8878?mode=caller&recvbuf=100000000&latency=4000&maxbw=8000000&reconnect=1&reconnect_delay=500&reconnect_max_delay=10000 -map 0:v:0 -map 0:a:0 -c:v libx264 -preset slow -crf 23 -r 50 -g 300 -keyint_min 300 -sc_threshold 0 -c:a aac -ac 2 -b:a 128k -f hls -hls_time 6 -hls_list_size 0 -hls_flags independent_segments -hls_segment_filename output/dfghj/bbnmbm_segment_%03d.ts -y output/dfghj/bbnmbm.m3u8","level":"info","message":"Starting SRT to HLS conversion","processId":"7afbd9c0-e13e-4fd5-b74f-fa92c8b9a9eb","service":"ffmpeg-builder","timestamp":"2025-06-25T17:26:26.494Z"}
{"error":"spawn ffmpeg ENOENT","level":"error","message":"SRT to HLS conversion error","processId":"7afbd9c0-e13e-4fd5-b74f-fa92c8b9a9eb","service":"ffmpeg-builder","timestamp":"2025-06-25T17:26:26.502Z"}
{"error":"spawn ffmpeg ENOENT","level":"error","message":"SRT to HLS conversion failed","processId":"7afbd9c0-e13e-4fd5-b74f-fa92c8b9a9eb","service":"ffmpeg-builder","timestamp":"2025-06-25T17:26:26.503Z"}
{"code":-2,"level":"error","message":"SRT to HLS conversion failed","processId":"7afbd9c0-e13e-4fd5-b74f-fa92c8b9a9eb","service":"ffmpeg-builder","stderr":"","timestamp":"2025-06-25T17:26:26.504Z"}
{"command":"ffmpeg -nostdin -fflags +genpts+discardcorrupt+igndts+flush_packets -err_detect ignore_err -rw_timeout 15000000 -analyzeduration 10M -probesize 50M -i srt://210.57.23.162:15126?mode=caller&recvbuf=100000000&latency=4000&maxbw=8000000&reconnect=1&reconnect_delay=500&reconnect_max_delay=10000&passphrase=43nc6E4ZOpVDM2sh -map 0:v:0 -map 0:a:0 -c:v libx264 -preset slow -crf 23 -r 50 -g 300 -keyint_min 300 -sc_threshold 0 -c:a aac -ac 2 -b:a 128k -f hls -hls_time 6 -hls_list_size 0 -hls_flags independent_segments -hls_segment_filename output/nikhil/output_segment_%03d.ts -y output/nikhil/output.m3u8","level":"info","message":"Starting SRT to HLS conversion","processId":"f29a0e50-5f21-438e-ba77-63883045982b","service":"ffmpeg-builder","timestamp":"2025-06-25T17:30:02.622Z"}
{"error":"spawn ffmpeg ENOENT","level":"error","message":"SRT to HLS conversion error","processId":"f29a0e50-5f21-438e-ba77-63883045982b","service":"ffmpeg-builder","timestamp":"2025-06-25T17:30:02.627Z"}
{"error":"spawn ffmpeg ENOENT","level":"error","message":"SRT to HLS conversion failed","processId":"f29a0e50-5f21-438e-ba77-63883045982b","service":"ffmpeg-builder","timestamp":"2025-06-25T17:30:02.627Z"}
{"code":-2,"level":"error","message":"SRT to HLS conversion failed","processId":"f29a0e50-5f21-438e-ba77-63883045982b","service":"ffmpeg-builder","stderr":"","timestamp":"2025-06-25T17:30:02.628Z"}
{"command":"ffmpeg -nostdin -fflags +genpts+discardcorrupt+igndts+flush_packets -err_detect ignore_err -rw_timeout 15000000 -analyzeduration 10M -probesize 50M -i srt://210.57.23.162:15126?mode=caller&recvbuf=100000000&latency=4000&maxbw=8000000&reconnect=1&reconnect_delay=500&reconnect_max_delay=10000&passphrase=43nc6E4ZOpVDM2sh -map 0:v:0 -map 0:a:0 -c:v libx264 -preset slow -crf 23 -r 50 -g 300 -keyint_min 300 -sc_threshold 0 -c:a aac -ac 2 -b:a 128k -f hls -hls_time 6 -hls_list_size 0 -hls_flags independent_segments -hls_segment_filename output/output_folder/output_name_segment_%03d.ts -y output/output_folder/output_name.m3u8","level":"info","message":"Starting SRT to HLS conversion","processId":"b4f7f64a-7982-49a0-b19a-cde58489ff4a","service":"ffmpeg-builder","timestamp":"2025-06-25T17:31:09.360Z"}
{"error":"spawn ffmpeg ENOENT","level":"error","message":"SRT to HLS conversion error","processId":"b4f7f64a-7982-49a0-b19a-cde58489ff4a","service":"ffmpeg-builder","timestamp":"2025-06-25T17:31:09.369Z"}
{"error":"spawn ffmpeg ENOENT","level":"error","message":"SRT to HLS conversion failed","processId":"b4f7f64a-7982-49a0-b19a-cde58489ff4a","service":"ffmpeg-builder","timestamp":"2025-06-25T17:31:09.370Z"}
{"code":-2,"level":"error","message":"SRT to HLS conversion failed","processId":"b4f7f64a-7982-49a0-b19a-cde58489ff4a","service":"ffmpeg-builder","stderr":"","timestamp":"2025-06-25T17:31:09.372Z"}
{"level":"info","message":"WebSocket client disconnected","service":"ffmpeg-builder","timestamp":"2025-06-25T18:01:01.935Z"}
{"level":"info","message":"WebSocket client connected","service":"ffmpeg-builder","timestamp":"2025-06-25T18:01:01.955Z"}
{"level":"info","message":"WebSocket client disconnected","service":"ffmpeg-builder","timestamp":"2025-06-25T18:02:30.678Z"}
{"level":"info","message":"WebSocket client connected","service":"ffmpeg-builder","timestamp":"2025-06-25T18:02:30.694Z"}
{"level":"info","message":"WebSocket client disconnected","service":"ffmpeg-builder","timestamp":"2025-06-25T18:04:24.984Z"}
{"level":"info","message":"WebSocket client connected","service":"ffmpeg-builder","timestamp":"2025-06-25T18:04:24.998Z"}
{"level":"info","message":"WebSocket client disconnected","service":"ffmpeg-builder","timestamp":"2025-06-25T18:08:35.103Z"}
{"level":"info","message":"WebSocket client connected","service":"ffmpeg-builder","timestamp":"2025-06-25T18:08:35.122Z"}
{"command":"ffmpeg -nostdin -fflags +genpts+discardcorrupt+igndts+flush_packets -err_detect ignore_err -rw_timeout 15000000 -analyzeduration 10M -probesize 50M -i srt://210.57.23.162:1233?mode=caller&recvbuf=100000000&latency=4000&maxbw=8000000&reconnect=1&reconnect_delay=500&reconnect_max_delay=10000&passphrase=43nc6E4ZOpVDM2sh -map 0:v:0 -map 0:a:0 -c:v libx264 -preset slow -crf 23 -r 50 -g 300 -keyint_min 300 -sc_threshold 0 -c:a aac -ac 2 -b:a 128k -f hls -hls_time 6 -hls_list_size 0 -hls_flags independent_segments -hls_segment_filename output/my_folder/my_name_segment_%03d.ts -y output/my_folder/my_name.m3u8","level":"info","message":"Starting SRT to HLS conversion","processId":"379fafaf-12bf-4fdc-8435-ab2770ecbe8d","service":"ffmpeg-builder","timestamp":"2025-06-25T18:09:39.517Z"}
{"error":"spawn ffmpeg ENOENT","level":"error","message":"SRT to HLS conversion error","processId":"379fafaf-12bf-4fdc-8435-ab2770ecbe8d","service":"ffmpeg-builder","timestamp":"2025-06-25T18:09:39.522Z"}
{"error":"spawn ffmpeg ENOENT","level":"error","message":"SRT to HLS conversion failed","processId":"379fafaf-12bf-4fdc-8435-ab2770ecbe8d","service":"ffmpeg-builder","timestamp":"2025-06-25T18:09:39.523Z"}
{"code":-2,"level":"error","message":"SRT to HLS conversion failed","processId":"379fafaf-12bf-4fdc-8435-ab2770ecbe8d","service":"ffmpeg-builder","stderr":"","timestamp":"2025-06-25T18:09:39.523Z"}
{"level":"info","message":"WebSocket client disconnected","service":"ffmpeg-builder","timestamp":"2025-06-25T18:11:35.471Z"}
{"level":"info","message":"WebSocket client connected","service":"ffmpeg-builder","timestamp":"2025-06-25T18:11:35.484Z"}
{"command":"ffmpeg -fflags +genpts+discardcorrupt -reconnect 1 -reconnect_streamed 1 -reconnect_delay_max 2 -i https://sdsad/dssad -map 0:v:0 -map 0:a:0 -c:v copy -c:a aac -b:a 128k -profile:a aac_low -bsf:a aac_adtstoasc -movflags +faststart+frag_keyframe+empty_moov -y output/sddsd/sdsd.mp4","level":"info","message":"Starting HLS to MP4 conversion","processId":"bda6e2cb-5400-4872-8397-e0282f1195e6","service":"ffmpeg-builder","timestamp":"2025-06-25T18:11:52.752Z"}
{"error":"spawn ffmpeg ENOENT","level":"error","message":"HLS to MP4 conversion error","processId":"bda6e2cb-5400-4872-8397-e0282f1195e6","service":"ffmpeg-builder","timestamp":"2025-06-25T18:11:52.758Z"}
{"error":"spawn ffmpeg ENOENT","level":"error","message":"HLS to MP4 conversion failed","processId":"bda6e2cb-5400-4872-8397-e0282f1195e6","service":"ffmpeg-builder","timestamp":"2025-06-25T18:11:52.758Z"}
{"code":-2,"level":"error","message":"HLS to MP4 conversion failed","processId":"bda6e2cb-5400-4872-8397-e0282f1195e6","service":"ffmpeg-builder","stderr":"","timestamp":"2025-06-25T18:11:52.759Z"}
{"level":"info","message":"WebSocket client disconnected","service":"ffmpeg-builder","timestamp":"2025-06-25T18:14:10.075Z"}
{"level":"info","message":"WebSocket client connected","service":"ffmpeg-builder","timestamp":"2025-06-25T18:14:10.090Z"}
{"command":"ffmpeg -fflags +genpts+discardcorrupt -reconnect 1 -reconnect_streamed 1 -reconnect_delay_max 2 -i https://adas -map 0:v:0 -map 0:a:0 -c:v copy -c:a aac -b:a 128k -profile:a aac_low -bsf:a aac_adtstoasc -movflags +faststart+frag_keyframe+empty_moov -y output/sddsd/sdsd.mp4","level":"info","message":"Starting HLS to MP4 conversion","processId":"4563d18b-5af9-4caa-b2d1-c3c1a61e97b8","service":"ffmpeg-builder","timestamp":"2025-06-25T18:14:19.343Z"}
{"error":"spawn ffmpeg ENOENT","level":"error","message":"HLS to MP4 conversion error","processId":"4563d18b-5af9-4caa-b2d1-c3c1a61e97b8","service":"ffmpeg-builder","timestamp":"2025-06-25T18:14:19.349Z"}
{"error":"spawn ffmpeg ENOENT","level":"error","message":"HLS to MP4 conversion failed","processId":"4563d18b-5af9-4caa-b2d1-c3c1a61e97b8","service":"ffmpeg-builder","timestamp":"2025-06-25T18:14:19.349Z"}
{"code":-2,"level":"error","message":"HLS to MP4 conversion failed","processId":"4563d18b-5af9-4caa-b2d1-c3c1a61e97b8","service":"ffmpeg-builder","stderr":"","timestamp":"2025-06-25T18:14:19.351Z"}
{"level":"info","message":"WebSocket client disconnected","service":"ffmpeg-builder","timestamp":"2025-06-25T18:15:04.609Z"}
{"level":"info","message":"WebSocket client connected","service":"ffmpeg-builder","timestamp":"2025-06-25T18:15:04.629Z"}
{"command":"ffmpeg -fflags +genpts+discardcorrupt -reconnect 1 -reconnect_streamed 1 -reconnect_delay_max 2 -i https://sdsad/dssad -map 0:v:0 -map 0:a:0 -c:v copy -c:a aac -b:a 128k -profile:a aac_low -bsf:a aac_adtstoasc -movflags +faststart+frag_keyframe+empty_moov -y output/sddsd/sdsd.mp4","level":"info","message":"Starting HLS to MP4 conversion","processId":"b9dd9c46-afeb-4d1b-9903-a4a17da0255a","service":"ffmpeg-builder","timestamp":"2025-06-25T18:15:11.692Z"}
{"error":"spawn ffmpeg ENOENT","level":"error","message":"HLS to MP4 conversion error","processId":"b9dd9c46-afeb-4d1b-9903-a4a17da0255a","service":"ffmpeg-builder","timestamp":"2025-06-25T18:15:11.697Z"}
{"error":"spawn ffmpeg ENOENT","level":"error","message":"HLS to MP4 conversion failed","processId":"b9dd9c46-afeb-4d1b-9903-a4a17da0255a","service":"ffmpeg-builder","timestamp":"2025-06-25T18:15:11.698Z"}
{"code":-2,"level":"error","message":"HLS to MP4 conversion failed","processId":"b9dd9c46-afeb-4d1b-9903-a4a17da0255a","service":"ffmpeg-builder","stderr":"","timestamp":"2025-06-25T18:15:11.698Z"}
{"command":"ffmpeg -fflags +genpts+discardcorrupt -reconnect 1 -reconnect_streamed 1 -reconnect_delay_max 2 -i https://sdsad/dssad -map 0:v:0 -map 0:a:0 -c:v copy -c:a aac -b:a 128k -profile:a aac_low -bsf:a aac_adtstoasc -movflags +faststart+frag_keyframe+empty_moov -y output/sddsd/sdsd.mp4","level":"info","message":"Starting HLS to MP4 conversion","processId":"7bdb88f4-27f3-4d29-9716-ea8f65f8f280","service":"ffmpeg-builder","timestamp":"2025-06-25T18:15:23.592Z"}
{"error":"spawn ffmpeg ENOENT","level":"error","message":"HLS to MP4 conversion error","processId":"7bdb88f4-27f3-4d29-9716-ea8f65f8f280","service":"ffmpeg-builder","timestamp":"2025-06-25T18:15:23.607Z"}
{"error":"spawn ffmpeg ENOENT","level":"error","message":"HLS to MP4 conversion failed","processId":"7bdb88f4-27f3-4d29-9716-ea8f65f8f280","service":"ffmpeg-builder","timestamp":"2025-06-25T18:15:23.608Z"}
{"code":-2,"level":"error","message":"HLS to MP4 conversion failed","processId":"7bdb88f4-27f3-4d29-9716-ea8f65f8f280","service":"ffmpeg-builder","stderr":"","timestamp":"2025-06-25T18:15:23.608Z"}
